<?xml version="1.0" encoding="UTF-8"?>
<testsuite xmlns:xsi="http://www.w3.org/2001/XMLSchema-instance" xsi:noNamespaceSchemaLocation="https://maven.apache.org/surefire/maven-surefire-plugin/xsd/surefire-test-report.xsd" name="TestMain" time="0.049" tests="3" errors="0" skipped="0" failures="0">
  <properties>
[...]
</properties>
  <testcase name="testNormalInput" classname="TestMain" time="0.031"/>
  <testcase name="testAllBadResponse" classname="TestMain" time="0.002"/>
  <testcase name="testAllGoodResponse" classname="TestMain" time="0.001"/>
</testsuite>